<?xml version="1.0" encoding="UTF-8"?>
<!-- Generated by org.testng.reporters.JUnitXMLReporter -->
<testsuite hostname="BetulAir.attlocal.net" ignored="1" name="Test" tests="1" failures="0" timestamp="16 Jun 2019 17:03:32 GMT" time="3.213" errors="0">
  <testcase name="@BeforeTest generateReport" time="0.202" classname="com.syntax.utils.BaseClass">
    <failure type="java.lang.NullPointerException">
      <![CDATA[java.lang.NullPointerException
at com.syntax.utils.ConfigsReader.getProperty(ConfigsReader.java:26)
at com.syntax.utils.BaseClass.generateReport(BaseClass.java:72)
... Removed 24 stack frames]]>
    </failure>
  </testcase> <!-- @BeforeTest generateReport -->
  <testcase name="Verify" time="0.0" classname="com.syntax.testcases.LocationWithExcel">
    <skipped/>
  </testcase> <!-- Verify -->
  <testcase name="AddLocation" time="0.0" classname="com.syntax.testcases.LocationWithExcel">
    <ignored/>
  </testcase> <!-- AddLocation -->
</testsuite> <!-- Test -->
