<?xml version="1.0" encoding="UTF-8"?>
<!-- Generated by org.testng.reporters.JUnitXMLReporter -->
<testsuite hostname="BetulAir.attlocal.net" ignored="12" tests="0" failures="0" timestamp="16 Jun 2019 15:33:58 GMT" time="0.012" errors="0">
  <testcase name="doLogin" time="0.0" classname="com.syntax.testcases.LoginPageTest">
    <ignored/>
  </testcase> <!-- doLogin -->
  <testcase name="verify" time="0.0" classname="com.syntax.testcases.HomeworkAddLocation">
    <ignored/>
  </testcase> <!-- verify -->
  <testcase name="AddEmp" time="0.0" classname="com.syntax.testcases.MyAddEmpeloyeeTest">
    <ignored/>
  </testcase> <!-- AddEmp -->
  <testcase name="Location" time="0.0" classname="com.syntax.testcases.HomeworkAddLocation">
    <ignored/>
  </testcase> <!-- Location -->
  <testcase name="addEmployee" time="0.0" classname="com.syntax.testcases.AddEmployeePageTest">
    <ignored/>
  </testcase> <!-- addEmployee -->
  <testcase name="AddEmployee" time="0.0" classname="com.syntax.testcases.LoginPageTest">
    <ignored/>
  </testcase> <!-- AddEmployee -->
  <testcase name="ALogin" time="0.0" classname="com.syntax.testcases.HomeworkAddLocation">
    <ignored/>
  </testcase> <!-- ALogin -->
  <testcase name="loginOrange" time="0.0" classname="com.syntax.testcases.MyLoginPageTest">
    <ignored/>
  </testcase> <!-- loginOrange -->
  <testcase name="readExcel" time="0.0" classname="com.syntax.testcases.ExcelLocation">
    <ignored/>
  </testcase> <!-- readExcel -->
  <testcase name="loginToOrangeHRM" time="0.0" classname="com.syntax.testcases.LoginPageTest">
    <ignored/>
  </testcase> <!-- loginToOrangeHRM -->
  <testcase name="AddLocation" time="0.0" classname="com.syntax.testcases.LocationWithExcel">
    <ignored/>
  </testcase> <!-- AddLocation -->
  <testcase name="Verify" time="0.0" classname="com.syntax.testcases.LocationWithExcel">
    <ignored/>
  </testcase> <!-- Verify -->
</testsuite>
