<?xml version="1.0" encoding="UTF-8"?>
<!-- Generated by org.testng.reporters.JUnitXMLReporter -->
<testsuite hostname="BetulMacBook-Air.local" ignored="8" name="Command line test" tests="20" failures="0" timestamp="16 Jun 2019 18:51:01 GMT" time="51.709" errors="0">
  <testcase name="@BeforeTest generateReport" time="0.179" classname="com.syntax.utils.BaseClass">
    <failure type="java.lang.NullPointerException">
      <![CDATA[java.lang.NullPointerException
at com.syntax.utils.ConfigsReader.getProperty(ConfigsReader.java:26)
at com.syntax.utils.BaseClass.generateReport(BaseClass.java:72)
... Removed 34 stack frames]]>
    </failure>
  </testcase> <!-- @BeforeTest generateReport -->
  <testcase name="ExcelTest" time="0.471" classname="com.syntax.practice.ExcelFunctionsTest"/>
  <testcase name="AddEmp" time="0.0" classname="com.syntax.testcases.MyAddEmpeloyeeTest">
    <skipped/>
  </testcase> <!-- AddEmp -->
  <testcase name="doLogin" time="0.0" classname="com.syntax.testcases.LoginTest">
    <skipped/>
  </testcase> <!-- doLogin -->
  <testcase name="loginToOrangeHRM" time="0.0" classname="com.syntax.testcases.LoginTest">
    <skipped/>
  </testcase> <!-- loginToOrangeHRM -->
  <testcase name="negativeLogin" time="0.0" classname="com.syntax.testcases.LoginTest">
    <skipped/>
  </testcase> <!-- negativeLogin -->
  <testcase name="addEmployee" time="0.0" classname="com.syntax.testcases.AddEmployeePageTest">
    <skipped/>
  </testcase> <!-- addEmployee -->
  <testcase name="addEmployee" time="0.0" classname="com.syntax.testcases.AddEmployeePageTest">
    <skipped/>
  </testcase> <!-- addEmployee -->
  <testcase name="addEmployee" time="0.0" classname="com.syntax.testcases.AddEmployeePageTest">
    <skipped/>
  </testcase> <!-- addEmployee -->
  <testcase name="addEmployee" time="0.0" classname="com.syntax.testcases.AddEmployeePageTest">
    <skipped/>
  </testcase> <!-- addEmployee -->
  <testcase name="addEmployee" time="0.0" classname="com.syntax.testcases.AddEmployeePageTest">
    <skipped/>
  </testcase> <!-- addEmployee -->
  <testcase name="addEmployee" time="0.0" classname="com.syntax.testcases.AddEmployeePageTest">
    <skipped/>
  </testcase> <!-- addEmployee -->
  <testcase name="addEmployee" time="0.0" classname="com.syntax.testcases.AddEmployeePageTest">
    <skipped/>
  </testcase> <!-- addEmployee -->
  <testcase name="addEmployee" time="0.0" classname="com.syntax.testcases.AddEmployeePageTest">
    <skipped/>
  </testcase> <!-- addEmployee -->
  <testcase name="addEmployee" time="0.0" classname="com.syntax.testcases.AddEmployeePageTest">
    <skipped/>
  </testcase> <!-- addEmployee -->
  <testcase name="addEmployee" time="0.0" classname="com.syntax.testcases.AddEmployeePageTest">
    <skipped/>
  </testcase> <!-- addEmployee -->
  <testcase name="addEmployee" time="0.0" classname="com.syntax.testcases.AddEmployeePageTest">
    <skipped/>
  </testcase> <!-- addEmployee -->
  <testcase name="loginOrange" time="0.0" classname="com.syntax.testcases.MyLoginPageTest">
    <skipped/>
  </testcase> <!-- loginOrange -->
  <testcase name="doLogin" time="0.0" classname="com.syntax.testcases.LoginPageTest">
    <skipped/>
  </testcase> <!-- doLogin -->
  <testcase name="loginToOrangeHRM" time="0.0" classname="com.syntax.testcases.LoginPageTest">
    <skipped/>
  </testcase> <!-- loginToOrangeHRM -->
  <testcase name="AddEmployee" time="0.0" classname="com.syntax.testcases.LoginPageTest">
    <skipped/>
  </testcase> <!-- AddEmployee -->
  <testcase name="@BeforeTest generateReport" time="0.0" classname="com.syntax.utils.BaseClass">
    <ignored/>
  </testcase> <!-- @BeforeTest generateReport -->
  <testcase name="@BeforeTest generateReport" time="0.0" classname="com.syntax.utils.BaseClass">
    <ignored/>
  </testcase> <!-- @BeforeTest generateReport -->
  <testcase name="@BeforeTest generateReport" time="0.0" classname="com.syntax.utils.BaseClass">
    <ignored/>
  </testcase> <!-- @BeforeTest generateReport -->
  <testcase name="@BeforeTest generateReport" time="0.0" classname="com.syntax.utils.BaseClass">
    <ignored/>
  </testcase> <!-- @BeforeTest generateReport -->
  <testcase name="@AfterTest flushReport" time="0.0" classname="com.syntax.utils.BaseClass">
    <ignored/>
  </testcase> <!-- @AfterTest flushReport -->
  <testcase name="@AfterTest flushReport" time="0.0" classname="com.syntax.utils.BaseClass">
    <ignored/>
  </testcase> <!-- @AfterTest flushReport -->
  <testcase name="@AfterTest flushReport" time="0.0" classname="com.syntax.utils.BaseClass">
    <ignored/>
  </testcase> <!-- @AfterTest flushReport -->
  <testcase name="@AfterTest flushReport" time="0.0" classname="com.syntax.utils.BaseClass">
    <ignored/>
  </testcase> <!-- @AfterTest flushReport -->
</testsuite> <!-- Command line test -->
