<?xml version="1.0" encoding="UTF-8"?>
<!-- Generated by org.testng.reporters.JUnitXMLReporter -->
<testsuite hostname="BetulAir.attlocal.net" ignored="13" name="Smoke Test" tests="3" failures="1" timestamp="17 Jun 2019 00:15:53 GMT" time="40.412" errors="0">
  <testcase name="doLogin" time="2.837" classname="com.syntax.testcases.LoginTest">
    <failure type="java.lang.AssertionError" message="expected [true] but found [false]">
      <![CDATA[java.lang.AssertionError: expected [true] but found [false]
at com.syntax.testcases.LoginTest.doLogin(LoginTest.java:47)
... Removed 29 stack frames]]>
    </failure>
  </testcase> <!-- doLogin -->
  <testcase name="loginToOrangeHRM" time="3.515" classname="com.syntax.testcases.LoginTest"/>
  <testcase name="Verify" time="24.092" classname="com.syntax.testcases.LocationWithExcel"/>
  <testcase name="@BeforeTest generateReport" time="0.0" classname="com.syntax.utils.BaseClass">
    <ignored/>
  </testcase> <!-- @BeforeTest generateReport -->
  <testcase name="@BeforeTest generateReport" time="0.0" classname="com.syntax.utils.BaseClass">
    <ignored/>
  </testcase> <!-- @BeforeTest generateReport -->
  <testcase name="@BeforeTest generateReport" time="0.0" classname="com.syntax.utils.BaseClass">
    <ignored/>
  </testcase> <!-- @BeforeTest generateReport -->
  <testcase name="ALogin" time="0.0" classname="com.syntax.testcases.HomeworkAddLocation">
    <ignored/>
  </testcase> <!-- ALogin -->
  <testcase name="AddLocation" time="0.0" classname="com.syntax.testcases.LocationWithExcel">
    <ignored/>
  </testcase> <!-- AddLocation -->
  <testcase name="negativeLogin" time="0.0" classname="com.syntax.testcases.LoginTest">
    <ignored/>
  </testcase> <!-- negativeLogin -->
  <testcase name="verify" time="0.0" classname="com.syntax.testcases.HomeworkAddLocation">
    <ignored/>
  </testcase> <!-- verify -->
  <testcase name="Location" time="0.0" classname="com.syntax.testcases.HomeworkAddLocation">
    <ignored/>
  </testcase> <!-- Location -->
  <testcase name="addEmployee" time="0.0" classname="com.syntax.testcases.AddEmployeePageTest">
    <ignored/>
  </testcase> <!-- addEmployee -->
  <testcase name="@AfterTest flushReport" time="0.0" classname="com.syntax.utils.BaseClass">
    <ignored/>
  </testcase> <!-- @AfterTest flushReport -->
  <testcase name="@AfterTest flushReport" time="0.0" classname="com.syntax.utils.BaseClass">
    <ignored/>
  </testcase> <!-- @AfterTest flushReport -->
  <testcase name="@AfterTest flushReport" time="0.0" classname="com.syntax.utils.BaseClass">
    <ignored/>
  </testcase> <!-- @AfterTest flushReport -->
  <testcase name="readExcel" time="0.0" classname="com.syntax.testcases.ExcelLocation">
    <ignored/>
  </testcase> <!-- readExcel -->
</testsuite> <!-- Smoke Test -->
