<?xml version="1.0" encoding="UTF-8"?>
<!-- Generated by org.testng.reporters.JUnitXMLReporter -->
<testsuite hostname="BetulAir.attlocal.net" ignored="26" name="Test" tests="1" failures="0" timestamp="16 Jun 2019 23:15:47 GMT" time="6.221" errors="0">
  <testcase name="negativeLogin" time="2.381" classname="com.syntax.testcases.LoginTest"/>
  <testcase name="AddEmployee" time="0.0" classname="com.syntax.testcases.LoginPageTest">
    <ignored/>
  </testcase> <!-- AddEmployee -->
  <testcase name="ALogin" time="0.0" classname="com.syntax.testcases.HomeworkAddLocation">
    <ignored/>
  </testcase> <!-- ALogin -->
  <testcase name="doLogin" time="0.0" classname="com.syntax.testcases.LoginTest">
    <ignored/>
  </testcase> <!-- doLogin -->
  <testcase name="loginToOrangeHRM" time="0.0" classname="com.syntax.testcases.LoginPageTest">
    <ignored/>
  </testcase> <!-- loginToOrangeHRM -->
  <testcase name="AddLocation" time="0.0" classname="com.syntax.testcases.LocationWithExcel">
    <ignored/>
  </testcase> <!-- AddLocation -->
  <testcase name="loginToOrangeHRM" time="0.0" classname="com.syntax.testcases.LoginTest">
    <ignored/>
  </testcase> <!-- loginToOrangeHRM -->
  <testcase name="doLogin" time="0.0" classname="com.syntax.testcases.LoginPageTest">
    <ignored/>
  </testcase> <!-- doLogin -->
  <testcase name="Location" time="0.0" classname="com.syntax.testcases.HomeworkAddLocation">
    <ignored/>
  </testcase> <!-- Location -->
  <testcase name="@AfterTest flushReport" time="0.0" classname="com.syntax.utils.BaseClass">
    <ignored/>
  </testcase> <!-- @AfterTest flushReport -->
  <testcase name="@AfterTest flushReport" time="0.0" classname="com.syntax.utils.BaseClass">
    <ignored/>
  </testcase> <!-- @AfterTest flushReport -->
  <testcase name="@AfterTest flushReport" time="0.0" classname="com.syntax.utils.BaseClass">
    <ignored/>
  </testcase> <!-- @AfterTest flushReport -->
  <testcase name="@AfterTest flushReport" time="0.0" classname="com.syntax.utils.BaseClass">
    <ignored/>
  </testcase> <!-- @AfterTest flushReport -->
  <testcase name="@AfterTest flushReport" time="0.0" classname="com.syntax.utils.BaseClass">
    <ignored/>
  </testcase> <!-- @AfterTest flushReport -->
  <testcase name="@AfterTest flushReport" time="0.0" classname="com.syntax.utils.BaseClass">
    <ignored/>
  </testcase> <!-- @AfterTest flushReport -->
  <testcase name="loginOrange" time="0.0" classname="com.syntax.testcases.MyLoginPageTest">
    <ignored/>
  </testcase> <!-- loginOrange -->
  <testcase name="readExcel" time="0.0" classname="com.syntax.testcases.ExcelLocation">
    <ignored/>
  </testcase> <!-- readExcel -->
  <testcase name="@BeforeTest generateReport" time="0.0" classname="com.syntax.utils.BaseClass">
    <ignored/>
  </testcase> <!-- @BeforeTest generateReport -->
  <testcase name="@BeforeTest generateReport" time="0.0" classname="com.syntax.utils.BaseClass">
    <ignored/>
  </testcase> <!-- @BeforeTest generateReport -->
  <testcase name="@BeforeTest generateReport" time="0.0" classname="com.syntax.utils.BaseClass">
    <ignored/>
  </testcase> <!-- @BeforeTest generateReport -->
  <testcase name="@BeforeTest generateReport" time="0.0" classname="com.syntax.utils.BaseClass">
    <ignored/>
  </testcase> <!-- @BeforeTest generateReport -->
  <testcase name="@BeforeTest generateReport" time="0.0" classname="com.syntax.utils.BaseClass">
    <ignored/>
  </testcase> <!-- @BeforeTest generateReport -->
  <testcase name="@BeforeTest generateReport" time="0.0" classname="com.syntax.utils.BaseClass">
    <ignored/>
  </testcase> <!-- @BeforeTest generateReport -->
  <testcase name="Verify" time="0.0" classname="com.syntax.testcases.LocationWithExcel">
    <ignored/>
  </testcase> <!-- Verify -->
  <testcase name="verify" time="0.0" classname="com.syntax.testcases.HomeworkAddLocation">
    <ignored/>
  </testcase> <!-- verify -->
  <testcase name="AddEmp" time="0.0" classname="com.syntax.testcases.MyAddEmpeloyeeTest">
    <ignored/>
  </testcase> <!-- AddEmp -->
  <testcase name="addEmployee" time="0.0" classname="com.syntax.testcases.AddEmployeePageTest">
    <ignored/>
  </testcase> <!-- addEmployee -->
</testsuite> <!-- Test -->
