<?xml version="1.0" encoding="UTF-8"?>
<!-- Generated by org.testng.reporters.JUnitXMLReporter -->
<testsuite hostname="BetulMacBook-Air.local" ignored="22" name="Smoke Test" tests="5" failures="1" timestamp="16 Jun 2019 19:59:31 GMT" time="49.313" errors="0">
  <testcase name="doLogin" time="3.389" classname="com.syntax.testcases.LoginTest">
    <failure type="java.lang.AssertionError" message="expected [true] but found [false]">
      <![CDATA[java.lang.AssertionError: expected [true] but found [false]
at com.syntax.testcases.LoginTest.doLogin(LoginTest.java:44)
... Removed 33 stack frames]]>
    </failure>
  </testcase> <!-- doLogin -->
  <testcase name="loginToOrangeHRM" time="2.679" classname="com.syntax.testcases.LoginTest"/>
  <testcase name="doLogin" time="2.384" classname="com.syntax.testcases.LoginPageTest"/>
  <testcase name="loginToOrangeHRM" time="3.47" classname="com.syntax.testcases.LoginPageTest"/>
  <testcase name="Verify" time="24.032" classname="com.syntax.testcases.LocationWithExcel"/>
  <testcase name="@BeforeTest generateReport" time="0.0" classname="com.syntax.utils.BaseClass">
    <ignored/>
  </testcase> <!-- @BeforeTest generateReport -->
  <testcase name="@BeforeTest generateReport" time="0.0" classname="com.syntax.utils.BaseClass">
    <ignored/>
  </testcase> <!-- @BeforeTest generateReport -->
  <testcase name="@BeforeTest generateReport" time="0.0" classname="com.syntax.utils.BaseClass">
    <ignored/>
  </testcase> <!-- @BeforeTest generateReport -->
  <testcase name="@BeforeTest generateReport" time="0.0" classname="com.syntax.utils.BaseClass">
    <ignored/>
  </testcase> <!-- @BeforeTest generateReport -->
  <testcase name="@BeforeTest generateReport" time="0.0" classname="com.syntax.utils.BaseClass">
    <ignored/>
  </testcase> <!-- @BeforeTest generateReport -->
  <testcase name="@BeforeTest generateReport" time="0.0" classname="com.syntax.utils.BaseClass">
    <ignored/>
  </testcase> <!-- @BeforeTest generateReport -->
  <testcase name="AddEmployee" time="0.0" classname="com.syntax.testcases.LoginPageTest">
    <ignored/>
  </testcase> <!-- AddEmployee -->
  <testcase name="ALogin" time="0.0" classname="com.syntax.testcases.HomeworkAddLocation">
    <ignored/>
  </testcase> <!-- ALogin -->
  <testcase name="AddLocation" time="0.0" classname="com.syntax.testcases.LocationWithExcel">
    <ignored/>
  </testcase> <!-- AddLocation -->
  <testcase name="negativeLogin" time="0.0" classname="com.syntax.testcases.LoginTest">
    <ignored/>
  </testcase> <!-- negativeLogin -->
  <testcase name="verify" time="0.0" classname="com.syntax.testcases.HomeworkAddLocation">
    <ignored/>
  </testcase> <!-- verify -->
  <testcase name="AddEmp" time="0.0" classname="com.syntax.testcases.MyAddEmpeloyeeTest">
    <ignored/>
  </testcase> <!-- AddEmp -->
  <testcase name="Location" time="0.0" classname="com.syntax.testcases.HomeworkAddLocation">
    <ignored/>
  </testcase> <!-- Location -->
  <testcase name="addEmployee" time="0.0" classname="com.syntax.testcases.AddEmployeePageTest">
    <ignored/>
  </testcase> <!-- addEmployee -->
  <testcase name="@AfterTest flushReport" time="0.0" classname="com.syntax.utils.BaseClass">
    <ignored/>
  </testcase> <!-- @AfterTest flushReport -->
  <testcase name="@AfterTest flushReport" time="0.0" classname="com.syntax.utils.BaseClass">
    <ignored/>
  </testcase> <!-- @AfterTest flushReport -->
  <testcase name="@AfterTest flushReport" time="0.0" classname="com.syntax.utils.BaseClass">
    <ignored/>
  </testcase> <!-- @AfterTest flushReport -->
  <testcase name="@AfterTest flushReport" time="0.0" classname="com.syntax.utils.BaseClass">
    <ignored/>
  </testcase> <!-- @AfterTest flushReport -->
  <testcase name="@AfterTest flushReport" time="0.0" classname="com.syntax.utils.BaseClass">
    <ignored/>
  </testcase> <!-- @AfterTest flushReport -->
  <testcase name="@AfterTest flushReport" time="0.0" classname="com.syntax.utils.BaseClass">
    <ignored/>
  </testcase> <!-- @AfterTest flushReport -->
  <testcase name="loginOrange" time="0.0" classname="com.syntax.testcases.MyLoginPageTest">
    <ignored/>
  </testcase> <!-- loginOrange -->
  <testcase name="readExcel" time="0.0" classname="com.syntax.testcases.ExcelLocation">
    <ignored/>
  </testcase> <!-- readExcel -->
</testsuite> <!-- Smoke Test -->
