-------------------------------------------------------------------------------
Test set: TestSuite
-------------------------------------------------------------------------------
Tests run: 5, Failures: 1, Errors: 0, Skipped: 0, Time elapsed: 69.785 s <<< FAILURE! - in TestSuite
doLogin(com.syntax.testcases.LoginTest)  Time elapsed: 3.392 s  <<< FAILURE!
java.lang.AssertionError: expected [true] but found [false]
	at com.syntax.testcases.LoginTest.doLogin(LoginTest.java:44)

